<?xml version="1.0" encoding="UTF-8"?>
<!-- Generated by org.testng.reporters.JUnitReportReporter -->
<testsuite hostname="D-113064882" name="OpenCartPackage.OpenCartTestNG" tests="4" failures="0" timestamp="6 Feb 2018 12:06:00 GMT" time="914.778" errors="0">
  <testcase name="AddingPhones_04" time="310.907" classname="OpenCartPackage.OpenCartTestNG"/>
  <testcase name="ProductComparison_03" time="215.662" classname="OpenCartPackage.OpenCartTestNG"/>
  <testcase name="CreateAccount_01" time="181.969" classname="OpenCartPackage.OpenCartTestNG"/>
  <testcase name="LoginAccount_02" time="206.240" classname="OpenCartPackage.OpenCartTestNG"/>
</testsuite> <!-- OpenCartPackage.OpenCartTestNG -->
